2018-12-09 21:57:03 +0000  Initial pipeline context: <IDEDistributionProcessingPipelineContext: 0x7fa77e8e2310; archive(resolved)='<IDEArchive: 0x7fa768b3c0d0>', distributionTask(resolved)='2', distributionDestination(resolved)='1', distributionMethod(resolved)='<IDEDistributionMethodAdHoc: 0x7fa786414da0>', team(resolved)='<IDEProvisioningDisambiguatableBasicTeam: 0x7fa768a06480; teamID='RZS99MMBKX', teamName='Brandon Gantt', teamType='Individual', username='bgantt.edapptable@gmail.com', isFreeProvisioningTeam='0'>'>
	Chain (12, self inclusive):
	<IDEDistributionProcessingPipelineContext: 0x7fa77e8e2310; archive = '<IDEArchive: 0x7fa768b3c0d0>', distributionMethod='<IDEDistributionMethodAdHoc: 0x7fa786414da0>', team='<IDEProvisioningDisambiguatableBasicTeam: 0x7fa768a06480; teamID='RZS99MMBKX', teamName='Brandon Gantt', teamType='Individual', username='bgantt.edapptable@gmail.com', isFreeProvisioningTeam='0'>'>
	<IDEDistributionProcessingPipelineContext: 0x7fa768e11d60; archive = '<IDEArchive: 0x7fa768b3c0d0>', distributionMethod='<IDEDistributionMethodAdHoc: 0x7fa786414da0>', team='<IDEProvisioningDisambiguatableBasicTeam: 0x7fa768a06480; teamID='RZS99MMBKX', teamName='Brandon Gantt', teamType='Individual', username='bgantt.edapptable@gmail.com', isFreeProvisioningTeam='0'>'>
	<IDEDistributionContext: 0x7fa77f6e18f0; archive = '<IDEArchive: 0x7fa768b3c0d0>', distributionMethod='<IDEDistributionMethodAdHoc: 0x7fa786414da0>', team='<IDEProvisioningDisambiguatableBasicTeam: 0x7fa768a06480; teamID='RZS99MMBKX', teamName='Brandon Gantt', teamType='Individual', username='bgantt.edapptable@gmail.com', isFreeProvisioningTeam='0'>'>
	<IDEDistributionContext: 0x7fa768d45be0; archive = '<IDEArchive: 0x7fa768b3c0d0>', distributionMethod='<IDEDistributionMethodAdHoc: 0x7fa786414da0>', team='<IDEProvisioningDisambiguatableBasicTeam: 0x7fa768a06480; teamID='RZS99MMBKX', teamName='Brandon Gantt', teamType='Individual', username='bgantt.edapptable@gmail.com', isFreeProvisioningTeam='0'>'>
	<IDEDistributionContext: 0x7fa768d49700; archive = '<IDEArchive: 0x7fa768b3c0d0>', distributionMethod='<IDEDistributionMethodAdHoc: 0x7fa786414da0>', team='<IDEProvisioningDisambiguatableBasicTeam: 0x7fa768a06480; teamID='RZS99MMBKX', teamName='Brandon Gantt', teamType='Individual', username='bgantt.edapptable@gmail.com', isFreeProvisioningTeam='0'>'>
	<IDEDistributionContext: 0x7fa767cd06b0; archive = '<IDEArchive: 0x7fa768b3c0d0>', distributionMethod='<IDEDistributionMethodAdHoc: 0x7fa786414da0>', team='<IDEProvisioningDisambiguatableBasicTeam: 0x7fa768a06480; teamID='RZS99MMBKX', teamName='Brandon Gantt', teamType='Individual', username='bgantt.edapptable@gmail.com', isFreeProvisioningTeam='0'>'>
	<IDEDistributionContext: 0x7fa7688c0530; archive = '<IDEArchive: 0x7fa768b3c0d0>', distributionMethod='<IDEDistributionMethodAdHoc: 0x7fa786414da0>', team='<IDEProvisioningDisambiguatableBasicTeam: 0x7fa768a06480; teamID='RZS99MMBKX', teamName='Brandon Gantt', teamType='Individual', username='bgantt.edapptable@gmail.com', isFreeProvisioningTeam='0'>'>
	<IDEDistributionContext: 0x7fa77f2c6f80; archive = '<IDEArchive: 0x7fa768b3c0d0>', distributionMethod='<IDEDistributionMethodAdHoc: 0x7fa786414da0>', team='<IDEProvisioningDisambiguatableBasicTeam: 0x7fa768a06480; teamID='RZS99MMBKX', teamName='Brandon Gantt', teamType='Individual', username='bgantt.edapptable@gmail.com', isFreeProvisioningTeam='0'>'>
	<IDEDistributionContext: 0x7fa77f43f970; archive = '<IDEArchive: 0x7fa768b3c0d0>', distributionMethod='<IDEDistributionMethodAdHoc: 0x7fa786414da0>', team='<IDEProvisioningDisambiguatableBasicTeam: 0x7fa768a06480; teamID='RZS99MMBKX', teamName='Brandon Gantt', teamType='Individual', username='bgantt.edapptable@gmail.com', isFreeProvisioningTeam='0'>'>
	<IDEDistributionContext: 0x7fa77f2b1130; archive = '<IDEArchive: 0x7fa768b3c0d0>', distributionMethod='<IDEDistributionMethodAdHoc: 0x7fa786414da0>', team='(null)'>
	<IDEDistributionContext: 0x7fa768a34370; archive = '<IDEArchive: 0x7fa768b3c0d0>', distributionMethod='<IDEDistributionMethodAdHoc: 0x7fa786414da0>', team='(null)'>
	<IDEDistributionContext: 0x7fa7688be400; archive = '<IDEArchive: 0x7fa768b3c0d0>', distributionMethod='(null)', team='(null)'>
</IDEDistributionProcessingPipelineContext: 0x7fa77e8e2310>
2018-12-09 21:57:03 +0000  Processing step: IDEDistributionCreateDestRootStep
2018-12-09 21:57:03 +0000  Processing step: IDEDistributionCopyItemStep
2018-12-09 21:57:03 +0000  Running /usr/bin/ditto '-V' '/Users/guru/Library/Developer/Xcode/Archives/2018-12-09/Fast Tag 12-9-18, 1.56 PM.xcarchive/Products/Applications/Fast Tag.app' '/var/folders/7y/glzmw8rd1v98_95t9532mfv80000gp/T/XcodeDistPipeline.P3L/Root/Payload/Fast Tag.app'
2018-12-09 21:57:03 +0000  >>> Copying /Users/guru/Library/Developer/Xcode/Archives/2018-12-09/Fast Tag 12-9-18, 1.56 PM.xcarchive/Products/Applications/Fast Tag.app 
2018-12-09 21:57:03 +0000  copying file ./_CodeSignature/CodeResources ... 
2018-12-09 21:57:03 +0000  13699 bytes for ./_CodeSignature/CodeResources
copying file ./Fast Tag ... 
2018-12-09 21:57:03 +0000  1316496 bytes for ./Fast Tag
copying file ./alarm.mp3 ... 
2018-12-09 21:57:03 +0000  5258 bytes for ./alarm.mp3
2018-12-09 21:57:03 +0000  copying file ./Base.lproj/Main.storyboardc/NVX-o3-cXO-view-7Gb-RN-2wa.nib/objects-11.0+.nib ... 
2018-12-09 21:57:03 +0000  8651 bytes for ./Base.lproj/Main.storyboardc/NVX-o3-cXO-view-7Gb-RN-2wa.nib/objects-11.0+.nib
2018-12-09 21:57:03 +0000  copying file ./Base.lproj/Main.storyboardc/NVX-o3-cXO-view-7Gb-RN-2wa.nib/runtime.nib ... 
2018-12-09 21:57:03 +0000  8898 bytes for ./Base.lproj/Main.storyboardc/NVX-o3-cXO-view-7Gb-RN-2wa.nib/runtime.nib
2018-12-09 21:57:03 +0000  copying file ./Base.lproj/Main.storyboardc/UIViewController-BYZ-38-t0r.nib/objects-11.0+.nib ... 
2018-12-09 21:57:03 +0000  1287 bytes for ./Base.lproj/Main.storyboardc/UIViewController-BYZ-38-t0r.nib/objects-11.0+.nib
copying file ./Base.lproj/Main.storyboardc/UIViewController-BYZ-38-t0r.nib/runtime.nib ... 
1287 bytes for ./Base.lproj/Main.storyboardc/UIViewController-BYZ-38-t0r.nib/runtime.nib
copying file ./Base.lproj/Main.storyboardc/UIViewController-NVX-o3-cXO.nib/objects-11.0+.nib ... 
1063 bytes for ./Base.lproj/Main.storyboardc/UIViewController-NVX-o3-cXO.nib/objects-11.0+.nib
copying file ./Base.lproj/Main.storyboardc/UIViewController-NVX-o3-cXO.nib/runtime.nib ... 
1063 bytes for ./Base.lproj/Main.storyboardc/UIViewController-NVX-o3-cXO.nib/runtime.nib
copying file ./Base.lproj/Main.storyboardc/BYZ-38-t0r-view-8bC-Xf-vdC.nib/objects-11.0+.nib ... 
7143 bytes for ./Base.lproj/Main.storyboardc/BYZ-38-t0r-view-8bC-Xf-vdC.nib/objects-11.0+.nib
copying file ./Base.lproj/Main.storyboardc/BYZ-38-t0r-view-8bC-Xf-vdC.nib/runtime.nib ... 
2018-12-09 21:57:03 +0000  7264 bytes for ./Base.lproj/Main.storyboardc/BYZ-38-t0r-view-8bC-Xf-vdC.nib/runtime.nib
2018-12-09 21:57:03 +0000  copying file ./Base.lproj/Main.storyboardc/Info.plist ... 
2018-12-09 21:57:03 +0000  333 bytes for ./Base.lproj/Main.storyboardc/Info.plist
2018-12-09 21:57:03 +0000  copying file ./Base.lproj/LaunchScreen.storyboardc/01J-lp-oVM-view-Ze5-6b-2t3.nib ... 
2018-12-09 21:57:03 +0000  1987 bytes for ./Base.lproj/LaunchScreen.storyboardc/01J-lp-oVM-view-Ze5-6b-2t3.nib
2018-12-09 21:57:03 +0000  copying file ./Base.lproj/LaunchScreen.storyboardc/UIViewController-01J-lp-oVM.nib ... 
2018-12-09 21:57:03 +0000  832 bytes for ./Base.lproj/LaunchScreen.storyboardc/UIViewController-01J-lp-oVM.nib
2018-12-09 21:57:03 +0000  copying file ./Base.lproj/LaunchScreen.storyboardc/Info.plist ... 
2018-12-09 21:57:03 +0000  258 bytes for ./Base.lproj/LaunchScreen.storyboardc/Info.plist
2018-12-09 21:57:03 +0000  copying file ./Assets.car ... 
2018-12-09 21:57:03 +0000  54248 bytes for ./Assets.car
2018-12-09 21:57:03 +0000  copying file ./Frameworks/libswiftCoreImage.dylib ... 
2018-12-09 21:57:03 +0000  349424 bytes for ./Frameworks/libswiftCoreImage.dylib
copying file ./Frameworks/libswiftObjectiveC.dylib ... 
496688 bytes for ./Frameworks/libswiftObjectiveC.dylib
copying file ./Frameworks/libswiftCore.dylib ... 
2018-12-09 21:57:03 +0000  69852448 bytes for ./Frameworks/libswiftCore.dylib
copying file ./Frameworks/libswiftCoreGraphics.dylib ... 
2018-12-09 21:57:03 +0000  1737360 bytes for ./Frameworks/libswiftCoreGraphics.dylib
copying file ./Frameworks/libswiftUIKit.dylib ... 
1464576 bytes for ./Frameworks/libswiftUIKit.dylib
copying file ./Frameworks/libswiftMetal.dylib ... 
542144 bytes for ./Frameworks/libswiftMetal.dylib
copying file ./Frameworks/libswiftDispatch.dylib ... 
2018-12-09 21:57:03 +0000  3099200 bytes for ./Frameworks/libswiftDispatch.dylib
copying file ./Frameworks/libswiftos.dylib ... 
2018-12-09 21:57:03 +0000  645104 bytes for ./Frameworks/libswiftos.dylib
copying file ./Frameworks/libswiftCoreFoundation.dylib ... 
2018-12-09 21:57:03 +0000  299760 bytes for ./Frameworks/libswiftCoreFoundation.dylib
2018-12-09 21:57:03 +0000  copying file ./Frameworks/libswiftDarwin.dylib ... 
2018-12-09 21:57:03 +0000  814096 bytes for ./Frameworks/libswiftDarwin.dylib
copying file ./Frameworks/libswiftQuartzCore.dylib ... 
2018-12-09 21:57:03 +0000  353456 bytes for ./Frameworks/libswiftQuartzCore.dylib
2018-12-09 21:57:03 +0000  copying file ./Frameworks/Toast_Swift.framework/_CodeSignature/CodeResources ... 
2018-12-09 21:57:03 +0000  1798 bytes for ./Frameworks/Toast_Swift.framework/_CodeSignature/CodeResources
2018-12-09 21:57:03 +0000  copying file ./Frameworks/Toast_Swift.framework/Toast_Swift ... 
2018-12-09 21:57:03 +0000  1205232 bytes for ./Frameworks/Toast_Swift.framework/Toast_Swift
2018-12-09 21:57:03 +0000  copying file ./Frameworks/Toast_Swift.framework/Info.plist ... 
2018-12-09 21:57:03 +0000  744 bytes for ./Frameworks/Toast_Swift.framework/Info.plist
copying file ./Frameworks/libswiftCoreAudio.dylib ... 
2018-12-09 21:57:03 +0000  743152 bytes for ./Frameworks/libswiftCoreAudio.dylib
copying file ./Frameworks/libswiftAVFoundation.dylib ... 
2018-12-09 21:57:04 +0000  1545472 bytes for ./Frameworks/libswiftAVFoundation.dylib
copying file ./Frameworks/libswiftFoundation.dylib ... 
2018-12-09 21:57:04 +0000  31351744 bytes for ./Frameworks/libswiftFoundation.dylib
2018-12-09 21:57:04 +0000  /usr/bin/ditto exited with 0
2018-12-09 21:57:04 +0000  copying file ./Frameworks/libswiftCoreMedia.dylib ... 
546368 bytes for ./Frameworks/libswiftCoreMedia.dylib
copying file ./Frameworks/libswiftsimd.dylib ... 
5865536 bytes for ./Frameworks/libswiftsimd.dylib
copying file ./embedded.mobileprovision ... 
7691 bytes for ./embedded.mobileprovision
copying file ./Info.plist ... 
1239 bytes for ./Info.plist
copying file ./PkgInfo ... 
8 bytes for ./PkgInfo
2018-12-09 21:57:04 +0000  Processing step: IDEDistributionEmbedProfileStep
2018-12-09 21:57:04 +0000  Skipping profile for item: <IDEDistributionItem: 0x7fa7866a07e0 'org.cocoapods.Toast-Swift' '<DVTFilePath:0x7fa768d08f70:'/Users/guru/Library/Developer/Xcode/Archives/2018-12-09/Fast Tag 12-9-18, 1.56 PM.xcarchive/Products/Applications/Fast Tag.app/Frameworks/Toast_Swift.framework'>'>
2018-12-09 21:57:04 +0000  Skipping profile for item: <IDEDistributionItem: 0x7fa7864afa80 'com.apple.dt.runtime.swiftAVFoundation' '<DVTFilePath:0x7fa7803c9a40:'/Users/guru/Library/Developer/Xcode/Archives/2018-12-09/Fast Tag 12-9-18, 1.56 PM.xcarchive/Products/Applications/Fast Tag.app/Frameworks/libswiftAVFoundation.dylib'>'>
2018-12-09 21:57:04 +0000  Skipping profile for item: <IDEDistributionItem: 0x7fa7864fa3b0 'com.apple.dt.runtime.swiftCore' '<DVTFilePath:0x7fa7805b20b0:'/Users/guru/Library/Developer/Xcode/Archives/2018-12-09/Fast Tag 12-9-18, 1.56 PM.xcarchive/Products/Applications/Fast Tag.app/Frameworks/libswiftCore.dylib'>'>
2018-12-09 21:57:04 +0000  Skipping profile for item: <IDEDistributionItem: 0x7fa77f4a2830 'com.apple.dt.runtime.swiftCoreAudio' '<DVTFilePath:0x7fa786420880:'/Users/guru/Library/Developer/Xcode/Archives/2018-12-09/Fast Tag 12-9-18, 1.56 PM.xcarchive/Products/Applications/Fast Tag.app/Frameworks/libswiftCoreAudio.dylib'>'>
2018-12-09 21:57:04 +0000  Skipping profile for item: <IDEDistributionItem: 0x7fa7862734f0 'com.apple.dt.runtime.swiftCoreFoundation' '<DVTFilePath:0x7fa768d18c50:'/Users/guru/Library/Developer/Xcode/Archives/2018-12-09/Fast Tag 12-9-18, 1.56 PM.xcarchive/Products/Applications/Fast Tag.app/Frameworks/libswiftCoreFoundation.dylib'>'>
2018-12-09 21:57:04 +0000  Skipping profile for item: <IDEDistributionItem: 0x7fa77f2b6390 'com.apple.dt.runtime.swiftCoreGraphics' '<DVTFilePath:0x7fa768803170:'/Users/guru/Library/Developer/Xcode/Archives/2018-12-09/Fast Tag 12-9-18, 1.56 PM.xcarchive/Products/Applications/Fast Tag.app/Frameworks/libswiftCoreGraphics.dylib'>'>
2018-12-09 21:57:04 +0000  Skipping profile for item: <IDEDistributionItem: 0x7fa768d23eb0 'com.apple.dt.runtime.swiftCoreImage' '<DVTFilePath:0x7fa77f2e9d60:'/Users/guru/Library/Developer/Xcode/Archives/2018-12-09/Fast Tag 12-9-18, 1.56 PM.xcarchive/Products/Applications/Fast Tag.app/Frameworks/libswiftCoreImage.dylib'>'>
2018-12-09 21:57:04 +0000  Skipping profile for item: <IDEDistributionItem: 0x7fa77f4a2390 'com.apple.dt.runtime.swiftCoreMedia' '<DVTFilePath:0x7fa77f1781a0:'/Users/guru/Library/Developer/Xcode/Archives/2018-12-09/Fast Tag 12-9-18, 1.56 PM.xcarchive/Products/Applications/Fast Tag.app/Frameworks/libswiftCoreMedia.dylib'>'>
2018-12-09 21:57:04 +0000  Skipping profile for item: <IDEDistributionItem: 0x7fa767d774a0 'com.apple.dt.runtime.swiftDarwin' '<DVTFilePath:0x7fa768873ea0:'/Users/guru/Library/Developer/Xcode/Archives/2018-12-09/Fast Tag 12-9-18, 1.56 PM.xcarchive/Products/Applications/Fast Tag.app/Frameworks/libswiftDarwin.dylib'>'>
2018-12-09 21:57:04 +0000  Skipping profile for item: <IDEDistributionItem: 0x7fa768e11f80 'com.apple.dt.runtime.swiftDispatch' '<DVTFilePath:0x7fa786426580:'/Users/guru/Library/Developer/Xcode/Archives/2018-12-09/Fast Tag 12-9-18, 1.56 PM.xcarchive/Products/Applications/Fast Tag.app/Frameworks/libswiftDispatch.dylib'>'>
2018-12-09 21:57:04 +0000  Skipping profile for item: <IDEDistributionItem: 0x7fa77f4528d0 'com.apple.dt.runtime.swiftFoundation' '<DVTFilePath:0x7fa7688b1b50:'/Users/guru/Library/Developer/Xcode/Archives/2018-12-09/Fast Tag 12-9-18, 1.56 PM.xcarchive/Products/Applications/Fast Tag.app/Frameworks/libswiftFoundation.dylib'>'>
2018-12-09 21:57:04 +0000  Skipping profile for item: <IDEDistributionItem: 0x7fa768d2f3d0 'com.apple.dt.runtime.swiftMetal' '<DVTFilePath:0x7fa7688a14c0:'/Users/guru/Library/Developer/Xcode/Archives/2018-12-09/Fast Tag 12-9-18, 1.56 PM.xcarchive/Products/Applications/Fast Tag.app/Frameworks/libswiftMetal.dylib'>'>
2018-12-09 21:57:04 +0000  Skipping profile for item: <IDEDistributionItem: 0x7fa768e08b80 'com.apple.dt.runtime.swiftObjectiveC' '<DVTFilePath:0x7fa77febdcd0:'/Users/guru/Library/Developer/Xcode/Archives/2018-12-09/Fast Tag 12-9-18, 1.56 PM.xcarchive/Products/Applications/Fast Tag.app/Frameworks/libswiftObjectiveC.dylib'>'>
2018-12-09 21:57:04 +0000  Skipping profile for item: <IDEDistributionItem: 0x7fa768d35860 'com.apple.dt.runtime.swiftQuartzCore' '<DVTFilePath:0x7fa77f4b5780:'/Users/guru/Library/Developer/Xcode/Archives/2018-12-09/Fast Tag 12-9-18, 1.56 PM.xcarchive/Products/Applications/Fast Tag.app/Frameworks/libswiftQuartzCore.dylib'>'>
2018-12-09 21:57:04 +0000  Skipping profile for item: <IDEDistributionItem: 0x7fa78048ec50 'com.apple.dt.runtime.swiftUIKit' '<DVTFilePath:0x7fa77f26a240:'/Users/guru/Library/Developer/Xcode/Archives/2018-12-09/Fast Tag 12-9-18, 1.56 PM.xcarchive/Products/Applications/Fast Tag.app/Frameworks/libswiftUIKit.dylib'>'>
2018-12-09 21:57:04 +0000  Skipping profile for item: <IDEDistributionItem: 0x7fa77f2bd7a0 'com.apple.dt.runtime.swiftos' '<DVTFilePath:0x7fa77f4a03d0:'/Users/guru/Library/Developer/Xcode/Archives/2018-12-09/Fast Tag 12-9-18, 1.56 PM.xcarchive/Products/Applications/Fast Tag.app/Frameworks/libswiftos.dylib'>'>
2018-12-09 21:57:04 +0000  Skipping profile for item: <IDEDistributionItem: 0x7fa781397890 'com.apple.dt.runtime.swiftsimd' '<DVTFilePath:0x7fa7805c05d0:'/Users/guru/Library/Developer/Xcode/Archives/2018-12-09/Fast Tag 12-9-18, 1.56 PM.xcarchive/Products/Applications/Fast Tag.app/Frameworks/libswiftsimd.dylib'>'>
2018-12-09 21:57:04 +0000  Processing step: IDEDistributionAppThinningPlistStep
2018-12-09 21:57:04 +0000  Processing step: IDEDistributionCompileBitcodeStep
2018-12-09 21:57:04 +0000  Skipping step: IDEDistributionCompileBitcodeStep because it said so
2018-12-09 21:57:04 +0000  Processing step: IDEDistributionCodeSlimmingStep
2018-12-09 21:57:04 +0000  Processing step: IDEDistributionCopyBCSymbolMapsStep
2018-12-09 21:57:04 +0000  Skipping step: IDEDistributionCopyBCSymbolMapsStep because it said so
2018-12-09 21:57:04 +0000  Skipping step: IDEDistributionCopyBCSymbolMapsStep because it said so
2018-12-09 21:57:04 +0000  Skipping step: IDEDistributionCopyBCSymbolMapsStep because it said so
2018-12-09 21:57:04 +0000  Skipping step: IDEDistributionCopyBCSymbolMapsStep because it said so
2018-12-09 21:57:04 +0000  Skipping step: IDEDistributionCopyBCSymbolMapsStep because it said so
2018-12-09 21:57:04 +0000  Skipping step: IDEDistributionCopyBCSymbolMapsStep because it said so
2018-12-09 21:57:04 +0000  Skipping step: IDEDistributionCopyBCSymbolMapsStep because it said so
2018-12-09 21:57:04 +0000  Skipping step: IDEDistributionCopyBCSymbolMapsStep because it said so
2018-12-09 21:57:04 +0000  Skipping step: IDEDistributionCopyBCSymbolMapsStep because it said so
2018-12-09 21:57:04 +0000  Skipping step: IDEDistributionCopyBCSymbolMapsStep because it said so
2018-12-09 21:57:04 +0000  Skipping step: IDEDistributionCopyBCSymbolMapsStep because it said so
2018-12-09 21:57:04 +0000  Skipping step: IDEDistributionCopyBCSymbolMapsStep because it said so
2018-12-09 21:57:04 +0000  Skipping step: IDEDistributionCopyBCSymbolMapsStep because it said so
2018-12-09 21:57:04 +0000  Skipping step: IDEDistributionCopyBCSymbolMapsStep because it said so
2018-12-09 21:57:04 +0000  Skipping step: IDEDistributionCopyBCSymbolMapsStep because it said so
2018-12-09 21:57:04 +0000  Skipping step: IDEDistributionCopyBCSymbolMapsStep because it said so
2018-12-09 21:57:04 +0000  Skipping step: IDEDistributionCopyBCSymbolMapsStep because it said so
2018-12-09 21:57:04 +0000  Skipping step: IDEDistributionCopyBCSymbolMapsStep because it said so
2018-12-09 21:57:04 +0000  Processing step: IDEDistributionSymbolsStep
2018-12-09 21:57:04 +0000  Skipping step: IDEDistributionSymbolsStep because it said so
2018-12-09 21:57:04 +0000  Skipping step: IDEDistributionSymbolsStep because it said so
2018-12-09 21:57:04 +0000  Skipping step: IDEDistributionSymbolsStep because it said so
2018-12-09 21:57:04 +0000  Skipping step: IDEDistributionSymbolsStep because it said so
2018-12-09 21:57:04 +0000  Skipping step: IDEDistributionSymbolsStep because it said so
2018-12-09 21:57:04 +0000  Skipping step: IDEDistributionSymbolsStep because it said so
2018-12-09 21:57:04 +0000  Skipping step: IDEDistributionSymbolsStep because it said so
2018-12-09 21:57:04 +0000  Skipping step: IDEDistributionSymbolsStep because it said so
2018-12-09 21:57:04 +0000  Skipping step: IDEDistributionSymbolsStep because it said so
2018-12-09 21:57:04 +0000  Skipping step: IDEDistributionSymbolsStep because it said so
2018-12-09 21:57:04 +0000  Skipping step: IDEDistributionSymbolsStep because it said so
2018-12-09 21:57:04 +0000  Skipping step: IDEDistributionSymbolsStep because it said so
2018-12-09 21:57:04 +0000  Skipping step: IDEDistributionSymbolsStep because it said so
2018-12-09 21:57:04 +0000  Skipping step: IDEDistributionSymbolsStep because it said so
2018-12-09 21:57:04 +0000  Skipping step: IDEDistributionSymbolsStep because it said so
2018-12-09 21:57:04 +0000  Skipping step: IDEDistributionSymbolsStep because it said so
2018-12-09 21:57:04 +0000  Skipping step: IDEDistributionSymbolsStep because it said so
2018-12-09 21:57:04 +0000  Skipping step: IDEDistributionSymbolsStep because it said so
2018-12-09 21:57:04 +0000  Processing step: IDEDistributionAppThinningStep
2018-12-09 21:57:04 +0000  Skipping step: IDEDistributionAppThinningStep because it said so
2018-12-09 21:57:04 +0000  Processing step: IDEDistributionODRStep
2018-12-09 21:57:04 +0000  Processing step: IDEDistributionStripXattrsStep
2018-12-09 21:57:04 +0000  Skipping stripping extended attributes of item: <IDEDistributionItem: 0x7fa7866a07e0 'org.cocoapods.Toast-Swift' '<DVTFilePath:0x7fa768d08f70:'/Users/guru/Library/Developer/Xcode/Archives/2018-12-09/Fast Tag 12-9-18, 1.56 PM.xcarchive/Products/Applications/Fast Tag.app/Frameworks/Toast_Swift.framework'>'>
2018-12-09 21:57:04 +0000  Skipping stripping extended attributes of item: <IDEDistributionItem: 0x7fa7864afa80 'com.apple.dt.runtime.swiftAVFoundation' '<DVTFilePath:0x7fa7803c9a40:'/Users/guru/Library/Developer/Xcode/Archives/2018-12-09/Fast Tag 12-9-18, 1.56 PM.xcarchive/Products/Applications/Fast Tag.app/Frameworks/libswiftAVFoundation.dylib'>'>
2018-12-09 21:57:04 +0000  Skipping stripping extended attributes of item: <IDEDistributionItem: 0x7fa7864fa3b0 'com.apple.dt.runtime.swiftCore' '<DVTFilePath:0x7fa7805b20b0:'/Users/guru/Library/Developer/Xcode/Archives/2018-12-09/Fast Tag 12-9-18, 1.56 PM.xcarchive/Products/Applications/Fast Tag.app/Frameworks/libswiftCore.dylib'>'>
2018-12-09 21:57:04 +0000  Skipping stripping extended attributes of item: <IDEDistributionItem: 0x7fa77f4a2830 'com.apple.dt.runtime.swiftCoreAudio' '<DVTFilePath:0x7fa786420880:'/Users/guru/Library/Developer/Xcode/Archives/2018-12-09/Fast Tag 12-9-18, 1.56 PM.xcarchive/Products/Applications/Fast Tag.app/Frameworks/libswiftCoreAudio.dylib'>'>
2018-12-09 21:57:04 +0000  Skipping stripping extended attributes of item: <IDEDistributionItem: 0x7fa7862734f0 'com.apple.dt.runtime.swiftCoreFoundation' '<DVTFilePath:0x7fa768d18c50:'/Users/guru/Library/Developer/Xcode/Archives/2018-12-09/Fast Tag 12-9-18, 1.56 PM.xcarchive/Products/Applications/Fast Tag.app/Frameworks/libswiftCoreFoundation.dylib'>'>
2018-12-09 21:57:04 +0000  Skipping stripping extended attributes of item: <IDEDistributionItem: 0x7fa77f2b6390 'com.apple.dt.runtime.swiftCoreGraphics' '<DVTFilePath:0x7fa768803170:'/Users/guru/Library/Developer/Xcode/Archives/2018-12-09/Fast Tag 12-9-18, 1.56 PM.xcarchive/Products/Applications/Fast Tag.app/Frameworks/libswiftCoreGraphics.dylib'>'>
2018-12-09 21:57:04 +0000  Skipping stripping extended attributes of item: <IDEDistributionItem: 0x7fa768d23eb0 'com.apple.dt.runtime.swiftCoreImage' '<DVTFilePath:0x7fa77f2e9d60:'/Users/guru/Library/Developer/Xcode/Archives/2018-12-09/Fast Tag 12-9-18, 1.56 PM.xcarchive/Products/Applications/Fast Tag.app/Frameworks/libswiftCoreImage.dylib'>'>
2018-12-09 21:57:04 +0000  Skipping stripping extended attributes of item: <IDEDistributionItem: 0x7fa77f4a2390 'com.apple.dt.runtime.swiftCoreMedia' '<DVTFilePath:0x7fa77f1781a0:'/Users/guru/Library/Developer/Xcode/Archives/2018-12-09/Fast Tag 12-9-18, 1.56 PM.xcarchive/Products/Applications/Fast Tag.app/Frameworks/libswiftCoreMedia.dylib'>'>
2018-12-09 21:57:04 +0000  Skipping stripping extended attributes of item: <IDEDistributionItem: 0x7fa767d774a0 'com.apple.dt.runtime.swiftDarwin' '<DVTFilePath:0x7fa768873ea0:'/Users/guru/Library/Developer/Xcode/Archives/2018-12-09/Fast Tag 12-9-18, 1.56 PM.xcarchive/Products/Applications/Fast Tag.app/Frameworks/libswiftDarwin.dylib'>'>
2018-12-09 21:57:04 +0000  Skipping stripping extended attributes of item: <IDEDistributionItem: 0x7fa768e11f80 'com.apple.dt.runtime.swiftDispatch' '<DVTFilePath:0x7fa786426580:'/Users/guru/Library/Developer/Xcode/Archives/2018-12-09/Fast Tag 12-9-18, 1.56 PM.xcarchive/Products/Applications/Fast Tag.app/Frameworks/libswiftDispatch.dylib'>'>
2018-12-09 21:57:04 +0000  Skipping stripping extended attributes of item: <IDEDistributionItem: 0x7fa77f4528d0 'com.apple.dt.runtime.swiftFoundation' '<DVTFilePath:0x7fa7688b1b50:'/Users/guru/Library/Developer/Xcode/Archives/2018-12-09/Fast Tag 12-9-18, 1.56 PM.xcarchive/Products/Applications/Fast Tag.app/Frameworks/libswiftFoundation.dylib'>'>
2018-12-09 21:57:04 +0000  Skipping stripping extended attributes of item: <IDEDistributionItem: 0x7fa768d2f3d0 'com.apple.dt.runtime.swiftMetal' '<DVTFilePath:0x7fa7688a14c0:'/Users/guru/Library/Developer/Xcode/Archives/2018-12-09/Fast Tag 12-9-18, 1.56 PM.xcarchive/Products/Applications/Fast Tag.app/Frameworks/libswiftMetal.dylib'>'>
2018-12-09 21:57:04 +0000  Skipping stripping extended attributes of item: <IDEDistributionItem: 0x7fa768e08b80 'com.apple.dt.runtime.swiftObjectiveC' '<DVTFilePath:0x7fa77febdcd0:'/Users/guru/Library/Developer/Xcode/Archives/2018-12-09/Fast Tag 12-9-18, 1.56 PM.xcarchive/Products/Applications/Fast Tag.app/Frameworks/libswiftObjectiveC.dylib'>'>
2018-12-09 21:57:04 +0000  Skipping stripping extended attributes of item: <IDEDistributionItem: 0x7fa768d35860 'com.apple.dt.runtime.swiftQuartzCore' '<DVTFilePath:0x7fa77f4b5780:'/Users/guru/Library/Developer/Xcode/Archives/2018-12-09/Fast Tag 12-9-18, 1.56 PM.xcarchive/Products/Applications/Fast Tag.app/Frameworks/libswiftQuartzCore.dylib'>'>
2018-12-09 21:57:04 +0000  Skipping stripping extended attributes of item: <IDEDistributionItem: 0x7fa78048ec50 'com.apple.dt.runtime.swiftUIKit' '<DVTFilePath:0x7fa77f26a240:'/Users/guru/Library/Developer/Xcode/Archives/2018-12-09/Fast Tag 12-9-18, 1.56 PM.xcarchive/Products/Applications/Fast Tag.app/Frameworks/libswiftUIKit.dylib'>'>
2018-12-09 21:57:04 +0000  Skipping stripping extended attributes of item: <IDEDistributionItem: 0x7fa77f2bd7a0 'com.apple.dt.runtime.swiftos' '<DVTFilePath:0x7fa77f4a03d0:'/Users/guru/Library/Developer/Xcode/Archives/2018-12-09/Fast Tag 12-9-18, 1.56 PM.xcarchive/Products/Applications/Fast Tag.app/Frameworks/libswiftos.dylib'>'>
2018-12-09 21:57:04 +0000  Skipping stripping extended attributes of item: <IDEDistributionItem: 0x7fa781397890 'com.apple.dt.runtime.swiftsimd' '<DVTFilePath:0x7fa7805c05d0:'/Users/guru/Library/Developer/Xcode/Archives/2018-12-09/Fast Tag 12-9-18, 1.56 PM.xcarchive/Products/Applications/Fast Tag.app/Frameworks/libswiftsimd.dylib'>'>
2018-12-09 21:57:04 +0000  Running /usr/bin/xattr '-crs' '/var/folders/7y/glzmw8rd1v98_95t9532mfv80000gp/T/XcodeDistPipeline.P3L/Root/Payload/Fast Tag.app'
2018-12-09 21:57:06 +0000  /usr/bin/xattr exited with 0
2018-12-09 21:57:06 +0000  Processing step: IDEDistributionCodesignStep
2018-12-09 21:57:06 +0000  Entitlements for <IDEDistributionItem: 0x7fa7866a07e0 'org.cocoapods.Toast-Swift' '<DVTFilePath:0x7fa768d08f70:'/Users/guru/Library/Developer/Xcode/Archives/2018-12-09/Fast Tag 12-9-18, 1.56 PM.xcarchive/Products/Applications/Fast Tag.app/Frameworks/Toast_Swift.framework'>'>: {
}
2018-12-09 21:57:06 +0000  Writing entitlements for <IDEDistributionItem: 0x7fa7866a07e0 'org.cocoapods.Toast-Swift' '<DVTFilePath:0x7fa768d08f70:'/Users/guru/Library/Developer/Xcode/Archives/2018-12-09/Fast Tag 12-9-18, 1.56 PM.xcarchive/Products/Applications/Fast Tag.app/Frameworks/Toast_Swift.framework'>'> to: /var/folders/7y/glzmw8rd1v98_95t9532mfv80000gp/T/XcodeDistPipeline.P3L/entitlements2B3AdZ
2018-12-09 21:57:06 +0000  Running /usr/bin/codesign '-vvv' '--force' '--sign' '3F75C3B6AC0CF738F09D59AEF588EB64AAA12548' '--entitlements' '/var/folders/7y/glzmw8rd1v98_95t9532mfv80000gp/T/XcodeDistPipeline.P3L/entitlements2B3AdZ' '--preserve-metadata=identifier,flags,runtime' '/var/folders/7y/glzmw8rd1v98_95t9532mfv80000gp/T/XcodeDistPipeline.P3L/Root/Payload/Fast Tag.app/Frameworks/Toast_Swift.framework'
2018-12-09 21:57:06 +0000  /var/folders/7y/glzmw8rd1v98_95t9532mfv80000gp/T/XcodeDistPipeline.P3L/Root/Payload/Fast Tag.app/Frameworks/Toast_Swift.framework: signed bundle with Mach-O universal (armv7 arm64) [org.cocoapods.Toast-Swift]
2018-12-09 21:57:06 +0000  /usr/bin/codesign exited with 0
2018-12-09 21:57:06 +0000  Entitlements for <IDEDistributionItem: 0x7fa7864afa80 'com.apple.dt.runtime.swiftAVFoundation' '<DVTFilePath:0x7fa7803c9a40:'/Users/guru/Library/Developer/Xcode/Archives/2018-12-09/Fast Tag 12-9-18, 1.56 PM.xcarchive/Products/Applications/Fast Tag.app/Frameworks/libswiftAVFoundation.dylib'>'>: {
}
2018-12-09 21:57:06 +0000  Writing entitlements for <IDEDistributionItem: 0x7fa7864afa80 'com.apple.dt.runtime.swiftAVFoundation' '<DVTFilePath:0x7fa7803c9a40:'/Users/guru/Library/Developer/Xcode/Archives/2018-12-09/Fast Tag 12-9-18, 1.56 PM.xcarchive/Products/Applications/Fast Tag.app/Frameworks/libswiftAVFoundation.dylib'>'> to: /var/folders/7y/glzmw8rd1v98_95t9532mfv80000gp/T/XcodeDistPipeline.P3L/entitlementscuJ9Qn
2018-12-09 21:57:06 +0000  Running /usr/bin/codesign '-vvv' '--force' '--sign' '3F75C3B6AC0CF738F09D59AEF588EB64AAA12548' '--entitlements' '/var/folders/7y/glzmw8rd1v98_95t9532mfv80000gp/T/XcodeDistPipeline.P3L/entitlementscuJ9Qn' '--preserve-metadata=identifier,flags,runtime' '/var/folders/7y/glzmw8rd1v98_95t9532mfv80000gp/T/XcodeDistPipeline.P3L/Root/Payload/Fast Tag.app/Frameworks/libswiftAVFoundation.dylib'
2018-12-09 21:57:06 +0000  /var/folders/7y/glzmw8rd1v98_95t9532mfv80000gp/T/XcodeDistPipeline.P3L/Root/Payload/Fast Tag.app/Frameworks/libswiftAVFoundation.dylib: signed Mach-O universal (armv7 armv7s arm64) [com.apple.dt.runtime.swiftAVFoundation]
2018-12-09 21:57:06 +0000  /usr/bin/codesign exited with 0
2018-12-09 21:57:06 +0000  Entitlements for <IDEDistributionItem: 0x7fa7864fa3b0 'com.apple.dt.runtime.swiftCore' '<DVTFilePath:0x7fa7805b20b0:'/Users/guru/Library/Developer/Xcode/Archives/2018-12-09/Fast Tag 12-9-18, 1.56 PM.xcarchive/Products/Applications/Fast Tag.app/Frameworks/libswiftCore.dylib'>'>: {
}
2018-12-09 21:57:06 +0000  Writing entitlements for <IDEDistributionItem: 0x7fa7864fa3b0 'com.apple.dt.runtime.swiftCore' '<DVTFilePath:0x7fa7805b20b0:'/Users/guru/Library/Developer/Xcode/Archives/2018-12-09/Fast Tag 12-9-18, 1.56 PM.xcarchive/Products/Applications/Fast Tag.app/Frameworks/libswiftCore.dylib'>'> to: /var/folders/7y/glzmw8rd1v98_95t9532mfv80000gp/T/XcodeDistPipeline.P3L/entitlementsHIgWdc
2018-12-09 21:57:06 +0000  Running /usr/bin/codesign '-vvv' '--force' '--sign' '3F75C3B6AC0CF738F09D59AEF588EB64AAA12548' '--entitlements' '/var/folders/7y/glzmw8rd1v98_95t9532mfv80000gp/T/XcodeDistPipeline.P3L/entitlementsHIgWdc' '--preserve-metadata=identifier,flags,runtime' '/var/folders/7y/glzmw8rd1v98_95t9532mfv80000gp/T/XcodeDistPipeline.P3L/Root/Payload/Fast Tag.app/Frameworks/libswiftCore.dylib'
2018-12-09 21:57:07 +0000  /var/folders/7y/glzmw8rd1v98_95t9532mfv80000gp/T/XcodeDistPipeline.P3L/Root/Payload/Fast Tag.app/Frameworks/libswiftCore.dylib: signed Mach-O universal (armv7 armv7s arm64) [com.apple.dt.runtime.swiftCore]
2018-12-09 21:57:07 +0000  /usr/bin/codesign exited with 0
2018-12-09 21:57:07 +0000  Entitlements for <IDEDistributionItem: 0x7fa77f4a2830 'com.apple.dt.runtime.swiftCoreAudio' '<DVTFilePath:0x7fa786420880:'/Users/guru/Library/Developer/Xcode/Archives/2018-12-09/Fast Tag 12-9-18, 1.56 PM.xcarchive/Products/Applications/Fast Tag.app/Frameworks/libswiftCoreAudio.dylib'>'>: {
}
2018-12-09 21:57:07 +0000  Writing entitlements for <IDEDistributionItem: 0x7fa77f4a2830 'com.apple.dt.runtime.swiftCoreAudio' '<DVTFilePath:0x7fa786420880:'/Users/guru/Library/Developer/Xcode/Archives/2018-12-09/Fast Tag 12-9-18, 1.56 PM.xcarchive/Products/Applications/Fast Tag.app/Frameworks/libswiftCoreAudio.dylib'>'> to: /var/folders/7y/glzmw8rd1v98_95t9532mfv80000gp/T/XcodeDistPipeline.P3L/entitlementsYLJMoD
2018-12-09 21:57:07 +0000  Running /usr/bin/codesign '-vvv' '--force' '--sign' '3F75C3B6AC0CF738F09D59AEF588EB64AAA12548' '--entitlements' '/var/folders/7y/glzmw8rd1v98_95t9532mfv80000gp/T/XcodeDistPipeline.P3L/entitlementsYLJMoD' '--preserve-metadata=identifier,flags,runtime' '/var/folders/7y/glzmw8rd1v98_95t9532mfv80000gp/T/XcodeDistPipeline.P3L/Root/Payload/Fast Tag.app/Frameworks/libswiftCoreAudio.dylib'
2018-12-09 21:57:07 +0000  /var/folders/7y/glzmw8rd1v98_95t9532mfv80000gp/T/XcodeDistPipeline.P3L/Root/Payload/Fast Tag.app/Frameworks/libswiftCoreAudio.dylib: signed Mach-O universal (armv7 armv7s arm64) [com.apple.dt.runtime.swiftCoreAudio]
2018-12-09 21:57:07 +0000  /usr/bin/codesign exited with 0
2018-12-09 21:57:07 +0000  Entitlements for <IDEDistributionItem: 0x7fa7862734f0 'com.apple.dt.runtime.swiftCoreFoundation' '<DVTFilePath:0x7fa768d18c50:'/Users/guru/Library/Developer/Xcode/Archives/2018-12-09/Fast Tag 12-9-18, 1.56 PM.xcarchive/Products/Applications/Fast Tag.app/Frameworks/libswiftCoreFoundation.dylib'>'>: {
}
2018-12-09 21:57:07 +0000  Writing entitlements for <IDEDistributionItem: 0x7fa7862734f0 'com.apple.dt.runtime.swiftCoreFoundation' '<DVTFilePath:0x7fa768d18c50:'/Users/guru/Library/Developer/Xcode/Archives/2018-12-09/Fast Tag 12-9-18, 1.56 PM.xcarchive/Products/Applications/Fast Tag.app/Frameworks/libswiftCoreFoundation.dylib'>'> to: /var/folders/7y/glzmw8rd1v98_95t9532mfv80000gp/T/XcodeDistPipeline.P3L/entitlementsEYvWcA
2018-12-09 21:57:07 +0000  Running /usr/bin/codesign '-vvv' '--force' '--sign' '3F75C3B6AC0CF738F09D59AEF588EB64AAA12548' '--entitlements' '/var/folders/7y/glzmw8rd1v98_95t9532mfv80000gp/T/XcodeDistPipeline.P3L/entitlementsEYvWcA' '--preserve-metadata=identifier,flags,runtime' '/var/folders/7y/glzmw8rd1v98_95t9532mfv80000gp/T/XcodeDistPipeline.P3L/Root/Payload/Fast Tag.app/Frameworks/libswiftCoreFoundation.dylib'
2018-12-09 21:57:07 +0000  /var/folders/7y/glzmw8rd1v98_95t9532mfv80000gp/T/XcodeDistPipeline.P3L/Root/Payload/Fast Tag.app/Frameworks/libswiftCoreFoundation.dylib: signed Mach-O universal (armv7 armv7s arm64) [com.apple.dt.runtime.swiftCoreFoundation]
2018-12-09 21:57:07 +0000  /usr/bin/codesign exited with 0
2018-12-09 21:57:07 +0000  Entitlements for <IDEDistributionItem: 0x7fa77f2b6390 'com.apple.dt.runtime.swiftCoreGraphics' '<DVTFilePath:0x7fa768803170:'/Users/guru/Library/Developer/Xcode/Archives/2018-12-09/Fast Tag 12-9-18, 1.56 PM.xcarchive/Products/Applications/Fast Tag.app/Frameworks/libswiftCoreGraphics.dylib'>'>: {
}
2018-12-09 21:57:07 +0000  Writing entitlements for <IDEDistributionItem: 0x7fa77f2b6390 'com.apple.dt.runtime.swiftCoreGraphics' '<DVTFilePath:0x7fa768803170:'/Users/guru/Library/Developer/Xcode/Archives/2018-12-09/Fast Tag 12-9-18, 1.56 PM.xcarchive/Products/Applications/Fast Tag.app/Frameworks/libswiftCoreGraphics.dylib'>'> to: /var/folders/7y/glzmw8rd1v98_95t9532mfv80000gp/T/XcodeDistPipeline.P3L/entitlementsuupWeJ
2018-12-09 21:57:07 +0000  Running /usr/bin/codesign '-vvv' '--force' '--sign' '3F75C3B6AC0CF738F09D59AEF588EB64AAA12548' '--entitlements' '/var/folders/7y/glzmw8rd1v98_95t9532mfv80000gp/T/XcodeDistPipeline.P3L/entitlementsuupWeJ' '--preserve-metadata=identifier,flags,runtime' '/var/folders/7y/glzmw8rd1v98_95t9532mfv80000gp/T/XcodeDistPipeline.P3L/Root/Payload/Fast Tag.app/Frameworks/libswiftCoreGraphics.dylib'
2018-12-09 21:57:07 +0000  /var/folders/7y/glzmw8rd1v98_95t9532mfv80000gp/T/XcodeDistPipeline.P3L/Root/Payload/Fast Tag.app/Frameworks/libswiftCoreGraphics.dylib: signed Mach-O universal (armv7 armv7s arm64) [com.apple.dt.runtime.swiftCoreGraphics]
2018-12-09 21:57:07 +0000  /usr/bin/codesign exited with 0
2018-12-09 21:57:07 +0000  Entitlements for <IDEDistributionItem: 0x7fa768d23eb0 'com.apple.dt.runtime.swiftCoreImage' '<DVTFilePath:0x7fa77f2e9d60:'/Users/guru/Library/Developer/Xcode/Archives/2018-12-09/Fast Tag 12-9-18, 1.56 PM.xcarchive/Products/Applications/Fast Tag.app/Frameworks/libswiftCoreImage.dylib'>'>: {
}
2018-12-09 21:57:07 +0000  Writing entitlements for <IDEDistributionItem: 0x7fa768d23eb0 'com.apple.dt.runtime.swiftCoreImage' '<DVTFilePath:0x7fa77f2e9d60:'/Users/guru/Library/Developer/Xcode/Archives/2018-12-09/Fast Tag 12-9-18, 1.56 PM.xcarchive/Products/Applications/Fast Tag.app/Frameworks/libswiftCoreImage.dylib'>'> to: /var/folders/7y/glzmw8rd1v98_95t9532mfv80000gp/T/XcodeDistPipeline.P3L/entitlementsHZzlA1
2018-12-09 21:57:07 +0000  Running /usr/bin/codesign '-vvv' '--force' '--sign' '3F75C3B6AC0CF738F09D59AEF588EB64AAA12548' '--entitlements' '/var/folders/7y/glzmw8rd1v98_95t9532mfv80000gp/T/XcodeDistPipeline.P3L/entitlementsHZzlA1' '--preserve-metadata=identifier,flags,runtime' '/var/folders/7y/glzmw8rd1v98_95t9532mfv80000gp/T/XcodeDistPipeline.P3L/Root/Payload/Fast Tag.app/Frameworks/libswiftCoreImage.dylib'
2018-12-09 21:57:08 +0000  /var/folders/7y/glzmw8rd1v98_95t9532mfv80000gp/T/XcodeDistPipeline.P3L/Root/Payload/Fast Tag.app/Frameworks/libswiftCoreImage.dylib: signed Mach-O universal (armv7 armv7s arm64) [com.apple.dt.runtime.swiftCoreImage]
2018-12-09 21:57:08 +0000  /usr/bin/codesign exited with 0
2018-12-09 21:57:08 +0000  Entitlements for <IDEDistributionItem: 0x7fa77f4a2390 'com.apple.dt.runtime.swiftCoreMedia' '<DVTFilePath:0x7fa77f1781a0:'/Users/guru/Library/Developer/Xcode/Archives/2018-12-09/Fast Tag 12-9-18, 1.56 PM.xcarchive/Products/Applications/Fast Tag.app/Frameworks/libswiftCoreMedia.dylib'>'>: {
}
2018-12-09 21:57:08 +0000  Writing entitlements for <IDEDistributionItem: 0x7fa77f4a2390 'com.apple.dt.runtime.swiftCoreMedia' '<DVTFilePath:0x7fa77f1781a0:'/Users/guru/Library/Developer/Xcode/Archives/2018-12-09/Fast Tag 12-9-18, 1.56 PM.xcarchive/Products/Applications/Fast Tag.app/Frameworks/libswiftCoreMedia.dylib'>'> to: /var/folders/7y/glzmw8rd1v98_95t9532mfv80000gp/T/XcodeDistPipeline.P3L/entitlementsSSTDLC
2018-12-09 21:57:08 +0000  Running /usr/bin/codesign '-vvv' '--force' '--sign' '3F75C3B6AC0CF738F09D59AEF588EB64AAA12548' '--entitlements' '/var/folders/7y/glzmw8rd1v98_95t9532mfv80000gp/T/XcodeDistPipeline.P3L/entitlementsSSTDLC' '--preserve-metadata=identifier,flags,runtime' '/var/folders/7y/glzmw8rd1v98_95t9532mfv80000gp/T/XcodeDistPipeline.P3L/Root/Payload/Fast Tag.app/Frameworks/libswiftCoreMedia.dylib'
2018-12-09 21:57:08 +0000  /var/folders/7y/glzmw8rd1v98_95t9532mfv80000gp/T/XcodeDistPipeline.P3L/Root/Payload/Fast Tag.app/Frameworks/libswiftCoreMedia.dylib: signed Mach-O universal (armv7 armv7s arm64) [com.apple.dt.runtime.swiftCoreMedia]
2018-12-09 21:57:08 +0000  /usr/bin/codesign exited with 0
2018-12-09 21:57:08 +0000  Entitlements for <IDEDistributionItem: 0x7fa767d774a0 'com.apple.dt.runtime.swiftDarwin' '<DVTFilePath:0x7fa768873ea0:'/Users/guru/Library/Developer/Xcode/Archives/2018-12-09/Fast Tag 12-9-18, 1.56 PM.xcarchive/Products/Applications/Fast Tag.app/Frameworks/libswiftDarwin.dylib'>'>: {
}
2018-12-09 21:57:08 +0000  Writing entitlements for <IDEDistributionItem: 0x7fa767d774a0 'com.apple.dt.runtime.swiftDarwin' '<DVTFilePath:0x7fa768873ea0:'/Users/guru/Library/Developer/Xcode/Archives/2018-12-09/Fast Tag 12-9-18, 1.56 PM.xcarchive/Products/Applications/Fast Tag.app/Frameworks/libswiftDarwin.dylib'>'> to: /var/folders/7y/glzmw8rd1v98_95t9532mfv80000gp/T/XcodeDistPipeline.P3L/entitlementshIaf3i
2018-12-09 21:57:08 +0000  Running /usr/bin/codesign '-vvv' '--force' '--sign' '3F75C3B6AC0CF738F09D59AEF588EB64AAA12548' '--entitlements' '/var/folders/7y/glzmw8rd1v98_95t9532mfv80000gp/T/XcodeDistPipeline.P3L/entitlementshIaf3i' '--preserve-metadata=identifier,flags,runtime' '/var/folders/7y/glzmw8rd1v98_95t9532mfv80000gp/T/XcodeDistPipeline.P3L/Root/Payload/Fast Tag.app/Frameworks/libswiftDarwin.dylib'
2018-12-09 21:57:08 +0000  /var/folders/7y/glzmw8rd1v98_95t9532mfv80000gp/T/XcodeDistPipeline.P3L/Root/Payload/Fast Tag.app/Frameworks/libswiftDarwin.dylib: signed Mach-O universal (armv7 armv7s arm64) [com.apple.dt.runtime.swiftDarwin]
2018-12-09 21:57:08 +0000  /usr/bin/codesign exited with 0
2018-12-09 21:57:08 +0000  Entitlements for <IDEDistributionItem: 0x7fa768e11f80 'com.apple.dt.runtime.swiftDispatch' '<DVTFilePath:0x7fa786426580:'/Users/guru/Library/Developer/Xcode/Archives/2018-12-09/Fast Tag 12-9-18, 1.56 PM.xcarchive/Products/Applications/Fast Tag.app/Frameworks/libswiftDispatch.dylib'>'>: {
}
2018-12-09 21:57:08 +0000  Writing entitlements for <IDEDistributionItem: 0x7fa768e11f80 'com.apple.dt.runtime.swiftDispatch' '<DVTFilePath:0x7fa786426580:'/Users/guru/Library/Developer/Xcode/Archives/2018-12-09/Fast Tag 12-9-18, 1.56 PM.xcarchive/Products/Applications/Fast Tag.app/Frameworks/libswiftDispatch.dylib'>'> to: /var/folders/7y/glzmw8rd1v98_95t9532mfv80000gp/T/XcodeDistPipeline.P3L/entitlements77Pv1G
2018-12-09 21:57:08 +0000  Running /usr/bin/codesign '-vvv' '--force' '--sign' '3F75C3B6AC0CF738F09D59AEF588EB64AAA12548' '--entitlements' '/var/folders/7y/glzmw8rd1v98_95t9532mfv80000gp/T/XcodeDistPipeline.P3L/entitlements77Pv1G' '--preserve-metadata=identifier,flags,runtime' '/var/folders/7y/glzmw8rd1v98_95t9532mfv80000gp/T/XcodeDistPipeline.P3L/Root/Payload/Fast Tag.app/Frameworks/libswiftDispatch.dylib'
2018-12-09 21:57:08 +0000  /var/folders/7y/glzmw8rd1v98_95t9532mfv80000gp/T/XcodeDistPipeline.P3L/Root/Payload/Fast Tag.app/Frameworks/libswiftDispatch.dylib: signed Mach-O universal (armv7 armv7s arm64) [com.apple.dt.runtime.swiftDispatch]
2018-12-09 21:57:08 +0000  /usr/bin/codesign exited with 0
2018-12-09 21:57:08 +0000  Entitlements for <IDEDistributionItem: 0x7fa77f4528d0 'com.apple.dt.runtime.swiftFoundation' '<DVTFilePath:0x7fa7688b1b50:'/Users/guru/Library/Developer/Xcode/Archives/2018-12-09/Fast Tag 12-9-18, 1.56 PM.xcarchive/Products/Applications/Fast Tag.app/Frameworks/libswiftFoundation.dylib'>'>: {
}
2018-12-09 21:57:08 +0000  Writing entitlements for <IDEDistributionItem: 0x7fa77f4528d0 'com.apple.dt.runtime.swiftFoundation' '<DVTFilePath:0x7fa7688b1b50:'/Users/guru/Library/Developer/Xcode/Archives/2018-12-09/Fast Tag 12-9-18, 1.56 PM.xcarchive/Products/Applications/Fast Tag.app/Frameworks/libswiftFoundation.dylib'>'> to: /var/folders/7y/glzmw8rd1v98_95t9532mfv80000gp/T/XcodeDistPipeline.P3L/entitlements3QuqRD
2018-12-09 21:57:08 +0000  Running /usr/bin/codesign '-vvv' '--force' '--sign' '3F75C3B6AC0CF738F09D59AEF588EB64AAA12548' '--entitlements' '/var/folders/7y/glzmw8rd1v98_95t9532mfv80000gp/T/XcodeDistPipeline.P3L/entitlements3QuqRD' '--preserve-metadata=identifier,flags,runtime' '/var/folders/7y/glzmw8rd1v98_95t9532mfv80000gp/T/XcodeDistPipeline.P3L/Root/Payload/Fast Tag.app/Frameworks/libswiftFoundation.dylib'
2018-12-09 21:57:08 +0000  /var/folders/7y/glzmw8rd1v98_95t9532mfv80000gp/T/XcodeDistPipeline.P3L/Root/Payload/Fast Tag.app/Frameworks/libswiftFoundation.dylib: signed Mach-O universal (armv7 armv7s arm64) [com.apple.dt.runtime.swiftFoundation]
2018-12-09 21:57:08 +0000  /usr/bin/codesign exited with 0
2018-12-09 21:57:08 +0000  Entitlements for <IDEDistributionItem: 0x7fa768d2f3d0 'com.apple.dt.runtime.swiftMetal' '<DVTFilePath:0x7fa7688a14c0:'/Users/guru/Library/Developer/Xcode/Archives/2018-12-09/Fast Tag 12-9-18, 1.56 PM.xcarchive/Products/Applications/Fast Tag.app/Frameworks/libswiftMetal.dylib'>'>: {
}
2018-12-09 21:57:08 +0000  Writing entitlements for <IDEDistributionItem: 0x7fa768d2f3d0 'com.apple.dt.runtime.swiftMetal' '<DVTFilePath:0x7fa7688a14c0:'/Users/guru/Library/Developer/Xcode/Archives/2018-12-09/Fast Tag 12-9-18, 1.56 PM.xcarchive/Products/Applications/Fast Tag.app/Frameworks/libswiftMetal.dylib'>'> to: /var/folders/7y/glzmw8rd1v98_95t9532mfv80000gp/T/XcodeDistPipeline.P3L/entitlementsk07cEx
2018-12-09 21:57:08 +0000  Running /usr/bin/codesign '-vvv' '--force' '--sign' '3F75C3B6AC0CF738F09D59AEF588EB64AAA12548' '--entitlements' '/var/folders/7y/glzmw8rd1v98_95t9532mfv80000gp/T/XcodeDistPipeline.P3L/entitlementsk07cEx' '--preserve-metadata=identifier,flags,runtime' '/var/folders/7y/glzmw8rd1v98_95t9532mfv80000gp/T/XcodeDistPipeline.P3L/Root/Payload/Fast Tag.app/Frameworks/libswiftMetal.dylib'
2018-12-09 21:57:08 +0000  /var/folders/7y/glzmw8rd1v98_95t9532mfv80000gp/T/XcodeDistPipeline.P3L/Root/Payload/Fast Tag.app/Frameworks/libswiftMetal.dylib: signed Mach-O universal (armv7 armv7s arm64) [com.apple.dt.runtime.swiftMetal]
2018-12-09 21:57:08 +0000  /usr/bin/codesign exited with 0
2018-12-09 21:57:08 +0000  Entitlements for <IDEDistributionItem: 0x7fa768e08b80 'com.apple.dt.runtime.swiftObjectiveC' '<DVTFilePath:0x7fa77febdcd0:'/Users/guru/Library/Developer/Xcode/Archives/2018-12-09/Fast Tag 12-9-18, 1.56 PM.xcarchive/Products/Applications/Fast Tag.app/Frameworks/libswiftObjectiveC.dylib'>'>: {
}
2018-12-09 21:57:08 +0000  Writing entitlements for <IDEDistributionItem: 0x7fa768e08b80 'com.apple.dt.runtime.swiftObjectiveC' '<DVTFilePath:0x7fa77febdcd0:'/Users/guru/Library/Developer/Xcode/Archives/2018-12-09/Fast Tag 12-9-18, 1.56 PM.xcarchive/Products/Applications/Fast Tag.app/Frameworks/libswiftObjectiveC.dylib'>'> to: /var/folders/7y/glzmw8rd1v98_95t9532mfv80000gp/T/XcodeDistPipeline.P3L/entitlements99Cq9s
2018-12-09 21:57:08 +0000  Running /usr/bin/codesign '-vvv' '--force' '--sign' '3F75C3B6AC0CF738F09D59AEF588EB64AAA12548' '--entitlements' '/var/folders/7y/glzmw8rd1v98_95t9532mfv80000gp/T/XcodeDistPipeline.P3L/entitlements99Cq9s' '--preserve-metadata=identifier,flags,runtime' '/var/folders/7y/glzmw8rd1v98_95t9532mfv80000gp/T/XcodeDistPipeline.P3L/Root/Payload/Fast Tag.app/Frameworks/libswiftObjectiveC.dylib'
2018-12-09 21:57:09 +0000  /var/folders/7y/glzmw8rd1v98_95t9532mfv80000gp/T/XcodeDistPipeline.P3L/Root/Payload/Fast Tag.app/Frameworks/libswiftObjectiveC.dylib: signed Mach-O universal (armv7 armv7s arm64) [com.apple.dt.runtime.swiftObjectiveC]
2018-12-09 21:57:09 +0000  /usr/bin/codesign exited with 0
2018-12-09 21:57:09 +0000  Entitlements for <IDEDistributionItem: 0x7fa768d35860 'com.apple.dt.runtime.swiftQuartzCore' '<DVTFilePath:0x7fa77f4b5780:'/Users/guru/Library/Developer/Xcode/Archives/2018-12-09/Fast Tag 12-9-18, 1.56 PM.xcarchive/Products/Applications/Fast Tag.app/Frameworks/libswiftQuartzCore.dylib'>'>: {
}
2018-12-09 21:57:09 +0000  Writing entitlements for <IDEDistributionItem: 0x7fa768d35860 'com.apple.dt.runtime.swiftQuartzCore' '<DVTFilePath:0x7fa77f4b5780:'/Users/guru/Library/Developer/Xcode/Archives/2018-12-09/Fast Tag 12-9-18, 1.56 PM.xcarchive/Products/Applications/Fast Tag.app/Frameworks/libswiftQuartzCore.dylib'>'> to: /var/folders/7y/glzmw8rd1v98_95t9532mfv80000gp/T/XcodeDistPipeline.P3L/entitlementsqNs00E
2018-12-09 21:57:09 +0000  Running /usr/bin/codesign '-vvv' '--force' '--sign' '3F75C3B6AC0CF738F09D59AEF588EB64AAA12548' '--entitlements' '/var/folders/7y/glzmw8rd1v98_95t9532mfv80000gp/T/XcodeDistPipeline.P3L/entitlementsqNs00E' '--preserve-metadata=identifier,flags,runtime' '/var/folders/7y/glzmw8rd1v98_95t9532mfv80000gp/T/XcodeDistPipeline.P3L/Root/Payload/Fast Tag.app/Frameworks/libswiftQuartzCore.dylib'
2018-12-09 21:57:09 +0000  /var/folders/7y/glzmw8rd1v98_95t9532mfv80000gp/T/XcodeDistPipeline.P3L/Root/Payload/Fast Tag.app/Frameworks/libswiftQuartzCore.dylib: signed Mach-O universal (armv7 armv7s arm64) [com.apple.dt.runtime.swiftQuartzCore]
2018-12-09 21:57:09 +0000  /usr/bin/codesign exited with 0
2018-12-09 21:57:09 +0000  Entitlements for <IDEDistributionItem: 0x7fa78048ec50 'com.apple.dt.runtime.swiftUIKit' '<DVTFilePath:0x7fa77f26a240:'/Users/guru/Library/Developer/Xcode/Archives/2018-12-09/Fast Tag 12-9-18, 1.56 PM.xcarchive/Products/Applications/Fast Tag.app/Frameworks/libswiftUIKit.dylib'>'>: {
}
2018-12-09 21:57:09 +0000  Writing entitlements for <IDEDistributionItem: 0x7fa78048ec50 'com.apple.dt.runtime.swiftUIKit' '<DVTFilePath:0x7fa77f26a240:'/Users/guru/Library/Developer/Xcode/Archives/2018-12-09/Fast Tag 12-9-18, 1.56 PM.xcarchive/Products/Applications/Fast Tag.app/Frameworks/libswiftUIKit.dylib'>'> to: /var/folders/7y/glzmw8rd1v98_95t9532mfv80000gp/T/XcodeDistPipeline.P3L/entitlementsnlnS7f
2018-12-09 21:57:09 +0000  Running /usr/bin/codesign '-vvv' '--force' '--sign' '3F75C3B6AC0CF738F09D59AEF588EB64AAA12548' '--entitlements' '/var/folders/7y/glzmw8rd1v98_95t9532mfv80000gp/T/XcodeDistPipeline.P3L/entitlementsnlnS7f' '--preserve-metadata=identifier,flags,runtime' '/var/folders/7y/glzmw8rd1v98_95t9532mfv80000gp/T/XcodeDistPipeline.P3L/Root/Payload/Fast Tag.app/Frameworks/libswiftUIKit.dylib'
2018-12-09 21:57:09 +0000  /var/folders/7y/glzmw8rd1v98_95t9532mfv80000gp/T/XcodeDistPipeline.P3L/Root/Payload/Fast Tag.app/Frameworks/libswiftUIKit.dylib: signed Mach-O universal (armv7 armv7s arm64) [com.apple.dt.runtime.swiftUIKit]
2018-12-09 21:57:09 +0000  /usr/bin/codesign exited with 0
2018-12-09 21:57:09 +0000  Entitlements for <IDEDistributionItem: 0x7fa77f2bd7a0 'com.apple.dt.runtime.swiftos' '<DVTFilePath:0x7fa77f4a03d0:'/Users/guru/Library/Developer/Xcode/Archives/2018-12-09/Fast Tag 12-9-18, 1.56 PM.xcarchive/Products/Applications/Fast Tag.app/Frameworks/libswiftos.dylib'>'>: {
}
2018-12-09 21:57:09 +0000  Writing entitlements for <IDEDistributionItem: 0x7fa77f2bd7a0 'com.apple.dt.runtime.swiftos' '<DVTFilePath:0x7fa77f4a03d0:'/Users/guru/Library/Developer/Xcode/Archives/2018-12-09/Fast Tag 12-9-18, 1.56 PM.xcarchive/Products/Applications/Fast Tag.app/Frameworks/libswiftos.dylib'>'> to: /var/folders/7y/glzmw8rd1v98_95t9532mfv80000gp/T/XcodeDistPipeline.P3L/entitlementsVAA8ao
2018-12-09 21:57:09 +0000  Running /usr/bin/codesign '-vvv' '--force' '--sign' '3F75C3B6AC0CF738F09D59AEF588EB64AAA12548' '--entitlements' '/var/folders/7y/glzmw8rd1v98_95t9532mfv80000gp/T/XcodeDistPipeline.P3L/entitlementsVAA8ao' '--preserve-metadata=identifier,flags,runtime' '/var/folders/7y/glzmw8rd1v98_95t9532mfv80000gp/T/XcodeDistPipeline.P3L/Root/Payload/Fast Tag.app/Frameworks/libswiftos.dylib'
2018-12-09 21:57:09 +0000  /var/folders/7y/glzmw8rd1v98_95t9532mfv80000gp/T/XcodeDistPipeline.P3L/Root/Payload/Fast Tag.app/Frameworks/libswiftos.dylib: signed Mach-O universal (armv7 armv7s arm64) [com.apple.dt.runtime.swiftos]
2018-12-09 21:57:09 +0000  /usr/bin/codesign exited with 0
2018-12-09 21:57:09 +0000  Entitlements for <IDEDistributionItem: 0x7fa781397890 'com.apple.dt.runtime.swiftsimd' '<DVTFilePath:0x7fa7805c05d0:'/Users/guru/Library/Developer/Xcode/Archives/2018-12-09/Fast Tag 12-9-18, 1.56 PM.xcarchive/Products/Applications/Fast Tag.app/Frameworks/libswiftsimd.dylib'>'>: {
}
2018-12-09 21:57:09 +0000  Writing entitlements for <IDEDistributionItem: 0x7fa781397890 'com.apple.dt.runtime.swiftsimd' '<DVTFilePath:0x7fa7805c05d0:'/Users/guru/Library/Developer/Xcode/Archives/2018-12-09/Fast Tag 12-9-18, 1.56 PM.xcarchive/Products/Applications/Fast Tag.app/Frameworks/libswiftsimd.dylib'>'> to: /var/folders/7y/glzmw8rd1v98_95t9532mfv80000gp/T/XcodeDistPipeline.P3L/entitlementsjWj2ub
2018-12-09 21:57:09 +0000  Running /usr/bin/codesign '-vvv' '--force' '--sign' '3F75C3B6AC0CF738F09D59AEF588EB64AAA12548' '--entitlements' '/var/folders/7y/glzmw8rd1v98_95t9532mfv80000gp/T/XcodeDistPipeline.P3L/entitlementsjWj2ub' '--preserve-metadata=identifier,flags,runtime' '/var/folders/7y/glzmw8rd1v98_95t9532mfv80000gp/T/XcodeDistPipeline.P3L/Root/Payload/Fast Tag.app/Frameworks/libswiftsimd.dylib'
2018-12-09 21:57:09 +0000  /var/folders/7y/glzmw8rd1v98_95t9532mfv80000gp/T/XcodeDistPipeline.P3L/Root/Payload/Fast Tag.app/Frameworks/libswiftsimd.dylib: signed Mach-O universal (armv7 armv7s arm64) [com.apple.dt.runtime.swiftsimd]
2018-12-09 21:57:09 +0000  /usr/bin/codesign exited with 0
2018-12-09 21:57:09 +0000  Entitlements for <IDEDistributionItem: 0x7fa780255a10 'com.edapptable.beepbaby' '<DVTFilePath:0x7fa77f4ad940:'/Users/guru/Library/Developer/Xcode/Archives/2018-12-09/Fast Tag 12-9-18, 1.56 PM.xcarchive/Products/Applications/Fast Tag.app'>'>: {
    "application-identifier" = "RZS99MMBKX.com.edapptable.beepbaby";
    "com.apple.developer.team-identifier" = RZS99MMBKX;
    "get-task-allow" = 0;
    "keychain-access-groups" =     (
        "RZS99MMBKX.com.edapptable.beepbaby"
    );
}
2018-12-09 21:57:09 +0000  Writing entitlements for <IDEDistributionItem: 0x7fa780255a10 'com.edapptable.beepbaby' '<DVTFilePath:0x7fa77f4ad940:'/Users/guru/Library/Developer/Xcode/Archives/2018-12-09/Fast Tag 12-9-18, 1.56 PM.xcarchive/Products/Applications/Fast Tag.app'>'> to: /var/folders/7y/glzmw8rd1v98_95t9532mfv80000gp/T/XcodeDistPipeline.P3L/entitlementsID42jW
2018-12-09 21:57:09 +0000  Running /usr/bin/codesign '-vvv' '--force' '--sign' '3F75C3B6AC0CF738F09D59AEF588EB64AAA12548' '--entitlements' '/var/folders/7y/glzmw8rd1v98_95t9532mfv80000gp/T/XcodeDistPipeline.P3L/entitlementsID42jW' '--preserve-metadata=identifier,flags,runtime' '/var/folders/7y/glzmw8rd1v98_95t9532mfv80000gp/T/XcodeDistPipeline.P3L/Root/Payload/Fast Tag.app'
2018-12-09 21:57:10 +0000  /var/folders/7y/glzmw8rd1v98_95t9532mfv80000gp/T/XcodeDistPipeline.P3L/Root/Payload/Fast Tag.app: signed app bundle with Mach-O universal (armv7 arm64) [com.edapptable.beepbaby]
2018-12-09 21:57:10 +0000  /usr/bin/codesign exited with 0
2018-12-09 21:57:10 +0000  Processing step: IDEDistributionZipODRItemStep
2018-12-09 21:57:10 +0000  Skipping step: IDEDistributionZipODRItemStep because it said so
2018-12-09 21:57:10 +0000  Skipping step: IDEDistributionZipODRItemStep because it said so
2018-12-09 21:57:10 +0000  Skipping step: IDEDistributionZipODRItemStep because it said so
2018-12-09 21:57:10 +0000  Skipping step: IDEDistributionZipODRItemStep because it said so
2018-12-09 21:57:10 +0000  Skipping step: IDEDistributionZipODRItemStep because it said so
2018-12-09 21:57:10 +0000  Skipping step: IDEDistributionZipODRItemStep because it said so
2018-12-09 21:57:10 +0000  Skipping step: IDEDistributionZipODRItemStep because it said so
2018-12-09 21:57:10 +0000  Skipping step: IDEDistributionZipODRItemStep because it said so
2018-12-09 21:57:10 +0000  Skipping step: IDEDistributionZipODRItemStep because it said so
2018-12-09 21:57:10 +0000  Skipping step: IDEDistributionZipODRItemStep because it said so
2018-12-09 21:57:10 +0000  Skipping step: IDEDistributionZipODRItemStep because it said so
2018-12-09 21:57:10 +0000  Skipping step: IDEDistributionZipODRItemStep because it said so
2018-12-09 21:57:10 +0000  Skipping step: IDEDistributionZipODRItemStep because it said so
2018-12-09 21:57:10 +0000  Skipping step: IDEDistributionZipODRItemStep because it said so
2018-12-09 21:57:10 +0000  Skipping step: IDEDistributionZipODRItemStep because it said so
2018-12-09 21:57:10 +0000  Skipping step: IDEDistributionZipODRItemStep because it said so
2018-12-09 21:57:10 +0000  Skipping step: IDEDistributionZipODRItemStep because it said so
2018-12-09 21:57:10 +0000  Skipping step: IDEDistributionZipODRItemStep because it said so
2018-12-09 21:57:10 +0000  Processing step: IDEDistributionCreateIPAStep
2018-12-09 21:57:10 +0000  Running /usr/bin/ditto '-V' '-c' '-k' '--norsrc' '/var/folders/7y/glzmw8rd1v98_95t9532mfv80000gp/T/XcodeDistPipeline.P3L/Root' '/var/folders/7y/glzmw8rd1v98_95t9532mfv80000gp/T/XcodeDistPipeline.P3L/Packages/Fast Tag.ipa'
2018-12-09 21:57:10 +0000  >>> Copying /var/folders/7y/glzmw8rd1v98_95t9532mfv80000gp/T/XcodeDistPipeline.P3L/Root 
2018-12-09 21:57:10 +0000  copying file ./Payload/Fast Tag.app/_CodeSignature/CodeResources ... 
2018-12-09 21:57:10 +0000  13699 bytes for ./Payload/Fast Tag.app/_CodeSignature/CodeResources
2018-12-09 21:57:10 +0000  copying file ./Payload/Fast Tag.app/Fast Tag ... 
2018-12-09 21:57:10 +0000  343808 bytes for ./Payload/Fast Tag.app/Fast Tag
2018-12-09 21:57:10 +0000  copying file ./Payload/Fast Tag.app/alarm.mp3 ... 
2018-12-09 21:57:10 +0000  5258 bytes for ./Payload/Fast Tag.app/alarm.mp3
2018-12-09 21:57:10 +0000  copying file ./Payload/Fast Tag.app/Base.lproj/Main.storyboardc/NVX-o3-cXO-view-7Gb-RN-2wa.nib/objects-11.0+.nib ... 
2018-12-09 21:57:10 +0000  8651 bytes for ./Payload/Fast Tag.app/Base.lproj/Main.storyboardc/NVX-o3-cXO-view-7Gb-RN-2wa.nib/objects-11.0+.nib
copying file ./Payload/Fast Tag.app/Base.lproj/Main.storyboardc/NVX-o3-cXO-view-7Gb-RN-2wa.nib/runtime.nib ... 
2018-12-09 21:57:10 +0000  8898 bytes for ./Payload/Fast Tag.app/Base.lproj/Main.storyboardc/NVX-o3-cXO-view-7Gb-RN-2wa.nib/runtime.nib
2018-12-09 21:57:10 +0000  copying file ./Payload/Fast Tag.app/Base.lproj/Main.storyboardc/UIViewController-BYZ-38-t0r.nib/objects-11.0+.nib ... 
2018-12-09 21:57:10 +0000  1287 bytes for ./Payload/Fast Tag.app/Base.lproj/Main.storyboardc/UIViewController-BYZ-38-t0r.nib/objects-11.0+.nib
copying file ./Payload/Fast Tag.app/Base.lproj/Main.storyboardc/UIViewController-BYZ-38-t0r.nib/runtime.nib ... 
2018-12-09 21:57:10 +0000  1287 bytes for ./Payload/Fast Tag.app/Base.lproj/Main.storyboardc/UIViewController-BYZ-38-t0r.nib/runtime.nib
copying file ./Payload/Fast Tag.app/Base.lproj/Main.storyboardc/UIViewController-NVX-o3-cXO.nib/objects-11.0+.nib ... 
2018-12-09 21:57:10 +0000  1063 bytes for ./Payload/Fast Tag.app/Base.lproj/Main.storyboardc/UIViewController-NVX-o3-cXO.nib/objects-11.0+.nib
copying file ./Payload/Fast Tag.app/Base.lproj/Main.storyboardc/UIViewController-NVX-o3-cXO.nib/runtime.nib ... 
2018-12-09 21:57:10 +0000  1063 bytes for ./Payload/Fast Tag.app/Base.lproj/Main.storyboardc/UIViewController-NVX-o3-cXO.nib/runtime.nib
2018-12-09 21:57:10 +0000  copying file ./Payload/Fast Tag.app/Base.lproj/Main.storyboardc/BYZ-38-t0r-view-8bC-Xf-vdC.nib/objects-11.0+.nib ... 
2018-12-09 21:57:10 +0000  7143 bytes for ./Payload/Fast Tag.app/Base.lproj/Main.storyboardc/BYZ-38-t0r-view-8bC-Xf-vdC.nib/objects-11.0+.nib
copying file ./Payload/Fast Tag.app/Base.lproj/Main.storyboardc/BYZ-38-t0r-view-8bC-Xf-vdC.nib/runtime.nib ... 
2018-12-09 21:57:10 +0000  7264 bytes for ./Payload/Fast Tag.app/Base.lproj/Main.storyboardc/BYZ-38-t0r-view-8bC-Xf-vdC.nib/runtime.nib
2018-12-09 21:57:10 +0000  copying file ./Payload/Fast Tag.app/Base.lproj/Main.storyboardc/Info.plist ... 
333 bytes for ./Payload/Fast Tag.app/Base.lproj/Main.storyboardc/Info.plist
2018-12-09 21:57:10 +0000  copying file ./Payload/Fast Tag.app/Base.lproj/LaunchScreen.storyboardc/01J-lp-oVM-view-Ze5-6b-2t3.nib ... 
2018-12-09 21:57:10 +0000  1987 bytes for ./Payload/Fast Tag.app/Base.lproj/LaunchScreen.storyboardc/01J-lp-oVM-view-Ze5-6b-2t3.nib
copying file ./Payload/Fast Tag.app/Base.lproj/LaunchScreen.storyboardc/UIViewController-01J-lp-oVM.nib ... 
2018-12-09 21:57:10 +0000  832 bytes for ./Payload/Fast Tag.app/Base.lproj/LaunchScreen.storyboardc/UIViewController-01J-lp-oVM.nib
copying file ./Payload/Fast Tag.app/Base.lproj/LaunchScreen.storyboardc/Info.plist ... 
258 bytes for ./Payload/Fast Tag.app/Base.lproj/LaunchScreen.storyboardc/Info.plist
2018-12-09 21:57:10 +0000  copying file ./Payload/Fast Tag.app/Assets.car ... 
2018-12-09 21:57:10 +0000  54248 bytes for ./Payload/Fast Tag.app/Assets.car
2018-12-09 21:57:10 +0000  copying file ./Payload/Fast Tag.app/Frameworks/libswiftCoreImage.dylib ... 
2018-12-09 21:57:10 +0000  251056 bytes for ./Payload/Fast Tag.app/Frameworks/libswiftCoreImage.dylib
2018-12-09 21:57:10 +0000  copying file ./Payload/Fast Tag.app/Frameworks/libswiftObjectiveC.dylib ... 
2018-12-09 21:57:10 +0000  299616 bytes for ./Payload/Fast Tag.app/Frameworks/libswiftObjectiveC.dylib
2018-12-09 21:57:10 +0000  copying file ./Payload/Fast Tag.app/Frameworks/libswiftCore.dylib ... 
2018-12-09 21:57:10 +0000  16705136 bytes for ./Payload/Fast Tag.app/Frameworks/libswiftCore.dylib
copying file ./Payload/Fast Tag.app/Frameworks/libswiftCoreGraphics.dylib ... 
2018-12-09 21:57:10 +0000  651792 bytes for ./Payload/Fast Tag.app/Frameworks/libswiftCoreGraphics.dylib
copying file ./Payload/Fast Tag.app/Frameworks/libswiftUIKit.dylib ... 
2018-12-09 21:57:10 +0000  527088 bytes for ./Payload/Fast Tag.app/Frameworks/libswiftUIKit.dylib
copying file ./Payload/Fast Tag.app/Frameworks/libswiftMetal.dylib ... 
2018-12-09 21:57:10 +0000  295696 bytes for ./Payload/Fast Tag.app/Frameworks/libswiftMetal.dylib
2018-12-09 21:57:10 +0000  copying file ./Payload/Fast Tag.app/Frameworks/libswiftDispatch.dylib ... 
2018-12-09 21:57:10 +0000  1059200 bytes for ./Payload/Fast Tag.app/Frameworks/libswiftDispatch.dylib
copying file ./Payload/Fast Tag.app/Frameworks/libswiftos.dylib ... 
2018-12-09 21:57:10 +0000  299936 bytes for ./Payload/Fast Tag.app/Frameworks/libswiftos.dylib
copying file ./Payload/Fast Tag.app/Frameworks/libswiftCoreFoundation.dylib ... 
2018-12-09 21:57:10 +0000  250752 bytes for ./Payload/Fast Tag.app/Frameworks/libswiftCoreFoundation.dylib
copying file ./Payload/Fast Tag.app/Frameworks/libswiftDarwin.dylib ... 
2018-12-09 21:57:10 +0000  402976 bytes for ./Payload/Fast Tag.app/Frameworks/libswiftDarwin.dylib
copying file ./Payload/Fast Tag.app/Frameworks/libswiftQuartzCore.dylib ... 
2018-12-09 21:57:10 +0000  255104 bytes for ./Payload/Fast Tag.app/Frameworks/libswiftQuartzCore.dylib
2018-12-09 21:57:10 +0000  copying file ./Payload/Fast Tag.app/Frameworks/Toast_Swift.framework/_CodeSignature/CodeResources ... 
2018-12-09 21:57:10 +0000  1798 bytes for ./Payload/Fast Tag.app/Frameworks/Toast_Swift.framework/_CodeSignature/CodeResources
copying file ./Payload/Fast Tag.app/Frameworks/Toast_Swift.framework/Toast_Swift ... 
2018-12-09 21:57:10 +0000  496656 bytes for ./Payload/Fast Tag.app/Frameworks/Toast_Swift.framework/Toast_Swift
copying file ./Payload/Fast Tag.app/Frameworks/Toast_Swift.framework/Info.plist ... 
2018-12-09 21:57:10 +0000  744 bytes for ./Payload/Fast Tag.app/Frameworks/Toast_Swift.framework/Info.plist
copying file ./Payload/Fast Tag.app/Frameworks/libswiftCoreAudio.dylib ... 
2018-12-09 21:57:10 +0000  348624 bytes for ./Payload/Fast Tag.app/Frameworks/libswiftCoreAudio.dylib
copying file ./Payload/Fast Tag.app/Frameworks/libswiftAVFoundation.dylib ... 
2018-12-09 21:57:10 +0000  525872 bytes for ./Payload/Fast Tag.app/Frameworks/libswiftAVFoundation.dylib
copying file ./Payload/Fast Tag.app/Frameworks/libswiftFoundation.dylib ... 
2018-12-09 21:57:11 +0000  8352432 bytes for ./Payload/Fast Tag.app/Frameworks/libswiftFoundation.dylib
2018-12-09 21:57:11 +0000  copying file ./Payload/Fast Tag.app/Frameworks/libswiftCoreMedia.dylib ... 
2018-12-09 21:57:11 +0000  299920 bytes for ./Payload/Fast Tag.app/Frameworks/libswiftCoreMedia.dylib
copying file ./Payload/Fast Tag.app/Frameworks/libswiftsimd.dylib ... 
2018-12-09 21:57:11 +0000  1802624 bytes for ./Payload/Fast Tag.app/Frameworks/libswiftsimd.dylib
2018-12-09 21:57:11 +0000  copying file ./Payload/Fast Tag.app/embedded.mobileprovision ... 
7703 bytes for ./Payload/Fast Tag.app/embedded.mobileprovision
copying file ./Payload/Fast Tag.app/Info.plist ... 
2018-12-09 21:57:11 +0000  1239 bytes for ./Payload/Fast Tag.app/Info.plist
copying file ./Payload/Fast Tag.app/PkgInfo ... 
2018-12-09 21:57:11 +0000  8 bytes for ./Payload/Fast Tag.app/PkgInfo
copying file ./AppThinning.plist ... 
2018-12-09 21:57:11 +0000  228 bytes for ./AppThinning.plist
2018-12-09 21:57:11 +0000  /usr/bin/ditto exited with 0
2018-12-09 21:57:11 +0000  Processing step: IDEDistributionAppStoreInformationStep
2018-12-09 21:57:11 +0000  Skipping step: IDEDistributionAppStoreInformationStep because it said so
2018-12-09 21:57:11 +0000  Processing step: IDEDistributionCreateManifestStep
